

Microchip MPLAB XC8 Assembler V2.40 build 20220703182018 
                                                                                               Tue Dec 27 22:59:17 2022

Microchip MPLAB XC8 C Compiler v2.40 (Free license) build 20220703182018 Og1 
     1                           	processor	18F4550
     2                           	fnconf	rparam,??,?,0
     3                           	pagewidth 120
     4                           	opt	flic
     5                           	psect	cinit,global,reloc=2,class=CODE,delta=1
     6                           	psect	cstackCOMRAM,global,class=COMRAM,space=1,delta=1,lowdata,noexec
     7                           	psect	text0,global,reloc=2,class=CODE,delta=1
     8                           	psect	text1,global,reloc=2,class=CODE,delta=1
     9                           	psect	intsave_regs,global,class=BIGRAM,space=1,delta=1,noexec
    10                           	psect	rparam,global,class=COMRAM,space=1,delta=1,noexec
    11                           	psect	idloc,global,abs,ovrld,class=IDLOC,space=5,delta=1,noexec
    12                           	psect	config,global,abs,ovrld,class=CONFIG,space=4,delta=1,noexec
    13   000000                     
    14                           ; Version 2.40
    15                           ; Generated 17/11/2021 GMT
    16                           ; 
    17                           ; Copyright © 2021, Microchip Technology Inc. and its subsidiaries ("Microchip")
    18                           ; All rights reserved.
    19                           ; 
    20                           ; This software is developed by Microchip Technology Inc. and its subsidiaries ("Microch
      +                          ip").
    21                           ; 
    22                           ; Redistribution and use in source and binary forms, with or without modification, are
    23                           ; permitted provided that the following conditions are met:
    24                           ; 
    25                           ;     1. Redistributions of source code must retain the above copyright notice, this lis
      +                          t of
    26                           ;        conditions and the following disclaimer.
    27                           ; 
    28                           ;     2. Redistributions in binary form must reproduce the above copyright notice, this 
      +                          list
    29                           ;        of conditions and the following disclaimer in the documentation and/or other
    30                           ;        materials provided with the distribution. Publication is not required when
    31                           ;        this file is used in an embedded application.
    32                           ; 
    33                           ;     3. Microchip's name may not be used to endorse or promote products derived from th
      +                          is
    34                           ;        software without specific prior written permission.
    35                           ; 
    36                           ; THIS SOFTWARE IS PROVIDED BY MICROCHIP "AS IS" AND ANY EXPRESS OR IMPLIED WARRANTIES,
    37                           ; INCLUDING, BUT NOT LIMITED TO, THE IMPLIED WARRANTIES OF MERCHANTABILITY AND FITNESS F
      +                          OR
    38                           ; PURPOSE ARE DISCLAIMED.  IN NO EVENT SHALL MICROCHIP BE LIABLE FOR ANY DIRECT, INDIREC
      +                          T,
    39                           ; INCIDENTAL, SPECIAL, EXEMPLARY, OR CONSEQUENTIAL DAMAGES (INCLUDING BUT NOT LIMITED TO
    40                           ; PROCUREMENT OF SUBSTITUTE GOODS OR SERVICES; LOSS OF USE, DATA OR PROFITS; OR BUSINESS
    41                           ; INTERRUPTION) HOWSOEVER CAUSED AND ON ANY THEORY OF LIABILITY, WHETHER IN CONTRACT, ST
      +                          RICT
    42                           ; LIABILITY, OR TORT (INCLUDING NEGLIGENCE OR OTHERWISE) ARISING IN ANY WAY OUT OF THE U
      +                          SE OF
    43                           ; THIS SOFTWARE, EVEN IF ADVISED OF THE POSSIBILITY OF SUCH DAMAGE.
    44                           ; 
    45                           ; 
    46                           ; Code-generator required, PIC18F4550 Definitions
    47                           ; 
    48                           ; SFR Addresses
    49   000000                     _LATDbits	set	3980
    50   000000                     _TRISDbits	set	3989
    51   000000                     _OSCCON	set	4051
    52                           
    53                           ; #config settings
    54                           
    55                           	psect	cinit
    56   007F04                     __pcinit:
    57                           	callstack 0
    58   007F04                     start_initialization:
    59                           	callstack 0
    60   007F04                     __initialization:
    61                           	callstack 0
    62   007F04                     end_of_initialization:
    63                           	callstack 0
    64   007F04                     __end_of__initialization:
    65                           	callstack 0
    66   007F04  0100               	movlb	0
    67   007F06  EFAA  F03F         	goto	_main	;jump to C main() function
    68                           
    69                           	psect	cstackCOMRAM
    70   000001                     __pcstackCOMRAM:
    71                           	callstack 0
    72   000001                     MSdelay@val:
    73                           	callstack 0
    74                           
    75                           ; 2 bytes @ 0x0
    76   000001                     	ds	2
    77   000003                     MSdelay@i:
    78                           	callstack 0
    79                           
    80                           ; 2 bytes @ 0x2
    81   000003                     	ds	2
    82   000005                     MSdelay@j:
    83                           	callstack 0
    84                           
    85                           ; 2 bytes @ 0x4
    86   000005                     	ds	2
    87   000007                     ??_main:
    88                           
    89                           ; 1 bytes @ 0x6
    90   000007                     	ds	1
    91                           
    92 ;;
    93 ;;Main: autosize = 0, tempsize = 1, incstack = 0, save=0
    94 ;;
    95 ;; *************** function _main *****************
    96 ;; Defined at:
    97 ;;		line 12 in file "USB_KB_Main.c"
    98 ;; Parameters:    Size  Location     Type
    99 ;;		None
   100 ;; Auto vars:     Size  Location     Type
   101 ;;  duty_cycle      2    0        unsigned int 
   102 ;; Return value:  Size  Location     Type
   103 ;;                  1    wreg      void 
   104 ;; Registers used:
   105 ;;		wreg, status,2, status,0, cstack
   106 ;; Tracked objects:
   107 ;;		On entry : 0/0
   108 ;;		On exit  : 0/0
   109 ;;		Unchanged: 0/0
   110 ;; Data sizes:     COMRAM   BANK0   BANK1   BANK2   BANK3   BANK4   BANK5   BANK6   BANK7
   111 ;;      Params:         0       0       0       0       0       0       0       0       0
   112 ;;      Locals:         0       0       0       0       0       0       0       0       0
   113 ;;      Temps:          1       0       0       0       0       0       0       0       0
   114 ;;      Totals:         1       0       0       0       0       0       0       0       0
   115 ;;Total ram usage:        1 bytes
   116 ;; Hardware stack levels required when called: 1
   117 ;; This function calls:
   118 ;;		_MSdelay
   119 ;; This function is called by:
   120 ;;		Startup code after reset
   121 ;; This function uses a non-reentrant model
   122 ;;
   123                           
   124                           	psect	text0
   125   007F54                     __ptext0:
   126                           	callstack 0
   127   007F54                     _main:
   128                           	callstack 30
   129   007F54                     
   130                           ;USB_KB_Main.c: 14:     unsigned int duty_cycle;;USB_KB_Main.c: 15:     OSCCON=0x72;
   131   007F54  0E72               	movlw	114
   132   007F56  6ED3               	movwf	211,c	;volatile
   133   007F58                     
   134                           ;USB_KB_Main.c: 25:     TRISDbits.TRISD0=0;
   135   007F58  9095               	bcf	149,0,c	;volatile
   136   007F5A                     
   137                           ;USB_KB_Main.c: 26:     TRISDbits.TRISD1=0;
   138   007F5A  9295               	bcf	149,1,c	;volatile
   139   007F5C                     
   140                           ;USB_KB_Main.c: 27:     TRISDbits.TRISD2=0;
   141   007F5C  9495               	bcf	149,2,c	;volatile
   142   007F5E                     
   143                           ;USB_KB_Main.c: 28:     TRISDbits.TRISD3=0;
   144   007F5E  9695               	bcf	149,3,c	;volatile
   145   007F60                     l762:
   146                           
   147                           ;USB_KB_Main.c: 36:     {;USB_KB_Main.c: 37:     LATDbits.LATD0 = ~LATDbits.LATD0;
   148   007F60  B08C               	btfsc	140,0,c	;volatile
   149   007F62  EFB5  F03F         	goto	u91
   150   007F66  EFB8  F03F         	goto	u90
   151   007F6A                     u91:
   152   007F6A  0E01               	movlw	1
   153   007F6C  EFB9  F03F         	goto	u96
   154   007F70                     u90:
   155   007F70  0E00               	movlw	0
   156   007F72                     u96:
   157   007F72  0AFF               	xorlw	255
   158   007F74  6E07               	movwf	??_main^0,c
   159   007F76  508C               	movf	140,w,c	;volatile
   160   007F78  1807               	xorwf	??_main^0,w,c
   161   007F7A  0BFE               	andlw	-2
   162   007F7C  1807               	xorwf	??_main^0,w,c
   163   007F7E  6E8C               	movwf	140,c	;volatile
   164   007F80                     
   165                           ;USB_KB_Main.c: 38:     LATDbits.LATD1 = ~LATDbits.LATD1;
   166   007F80  B28C               	btfsc	140,1,c	;volatile
   167   007F82  EFC5  F03F         	goto	u101
   168   007F86  EFC8  F03F         	goto	u100
   169   007F8A                     u101:
   170   007F8A  0E01               	movlw	1
   171   007F8C  EFC9  F03F         	goto	u106
   172   007F90                     u100:
   173   007F90  0E00               	movlw	0
   174   007F92                     u106:
   175   007F92  0AFF               	xorlw	255
   176   007F94  6E07               	movwf	??_main^0,c
   177   007F96  4607               	rlncf	??_main^0,f,c
   178   007F98  508C               	movf	140,w,c	;volatile
   179   007F9A  1807               	xorwf	??_main^0,w,c
   180   007F9C  0BFD               	andlw	-3
   181   007F9E  1807               	xorwf	??_main^0,w,c
   182   007FA0  6E8C               	movwf	140,c	;volatile
   183   007FA2                     
   184                           ;USB_KB_Main.c: 39:     LATDbits.LATD2 = ~LATDbits.LATD2;
   185   007FA2  B48C               	btfsc	140,2,c	;volatile
   186   007FA4  EFD6  F03F         	goto	u111
   187   007FA8  EFD9  F03F         	goto	u110
   188   007FAC                     u111:
   189   007FAC  0E01               	movlw	1
   190   007FAE  EFDA  F03F         	goto	u116
   191   007FB2                     u110:
   192   007FB2  0E00               	movlw	0
   193   007FB4                     u116:
   194   007FB4  0AFF               	xorlw	255
   195   007FB6  6E07               	movwf	??_main^0,c
   196   007FB8  4607               	rlncf	??_main^0,f,c
   197   007FBA  4607               	rlncf	??_main^0,f,c
   198   007FBC  508C               	movf	140,w,c	;volatile
   199   007FBE  1807               	xorwf	??_main^0,w,c
   200   007FC0  0BFB               	andlw	-5
   201   007FC2  1807               	xorwf	??_main^0,w,c
   202   007FC4  6E8C               	movwf	140,c	;volatile
   203   007FC6                     
   204                           ;USB_KB_Main.c: 40:     LATDbits.LATD3 = ~LATDbits.LATD3;
   205   007FC6  B68C               	btfsc	140,3,c	;volatile
   206   007FC8  EFE8  F03F         	goto	u121
   207   007FCC  EFEB  F03F         	goto	u120
   208   007FD0                     u121:
   209   007FD0  0E01               	movlw	1
   210   007FD2  EFEC  F03F         	goto	u126
   211   007FD6                     u120:
   212   007FD6  0E00               	movlw	0
   213   007FD8                     u126:
   214   007FD8  0AFF               	xorlw	255
   215   007FDA  6E07               	movwf	??_main^0,c
   216   007FDC  4607               	rlncf	??_main^0,f,c
   217   007FDE  4607               	rlncf	??_main^0,f,c
   218   007FE0  4607               	rlncf	??_main^0,f,c
   219   007FE2  508C               	movf	140,w,c	;volatile
   220   007FE4  1807               	xorwf	??_main^0,w,c
   221   007FE6  0BF7               	andlw	-9
   222   007FE8  1807               	xorwf	??_main^0,w,c
   223   007FEA  6E8C               	movwf	140,c	;volatile
   224   007FEC                     
   225                           ;USB_KB_Main.c: 45:     MSdelay(1000);
   226   007FEC  0E03               	movlw	3
   227   007FEE  6E02               	movwf	(MSdelay@val+1)^0,c
   228   007FF0  0EE8               	movlw	232
   229   007FF2  6E01               	movwf	MSdelay@val^0,c
   230   007FF4  EC85  F03F         	call	_MSdelay	;wreg free
   231   007FF8  EFB0  F03F         	goto	l762
   232   007FFC  EF00  F000         	goto	start
   233   008000                     __end_of_main:
   234                           	callstack 0
   235                           
   236 ;; *************** function _MSdelay *****************
   237 ;; Defined at:
   238 ;;		line 55 in file "USB_KB_Main.c"
   239 ;; Parameters:    Size  Location     Type
   240 ;;  val             2    0[COMRAM] unsigned int 
   241 ;; Auto vars:     Size  Location     Type
   242 ;;  j               2    4[COMRAM] unsigned int 
   243 ;;  i               2    2[COMRAM] unsigned int 
   244 ;; Return value:  Size  Location     Type
   245 ;;                  1    wreg      void 
   246 ;; Registers used:
   247 ;;		wreg, status,2, status,0
   248 ;; Tracked objects:
   249 ;;		On entry : 0/0
   250 ;;		On exit  : 0/0
   251 ;;		Unchanged: 0/0
   252 ;; Data sizes:     COMRAM   BANK0   BANK1   BANK2   BANK3   BANK4   BANK5   BANK6   BANK7
   253 ;;      Params:         2       0       0       0       0       0       0       0       0
   254 ;;      Locals:         4       0       0       0       0       0       0       0       0
   255 ;;      Temps:          0       0       0       0       0       0       0       0       0
   256 ;;      Totals:         6       0       0       0       0       0       0       0       0
   257 ;;Total ram usage:        6 bytes
   258 ;; Hardware stack levels used: 1
   259 ;; This function calls:
   260 ;;		Nothing
   261 ;; This function is called by:
   262 ;;		_main
   263 ;; This function uses a non-reentrant model
   264 ;;
   265                           
   266                           	psect	text1
   267   007F0A                     __ptext1:
   268                           	callstack 0
   269   007F0A                     _MSdelay:
   270                           	callstack 30
   271   007F0A                     
   272                           ;USB_KB_Main.c: 55: void MSdelay(unsigned int val);USB_KB_Main.c: 56: {;USB_KB_Main.c: 5
      +                          7:      unsigned int i,j;;USB_KB_Main.c: 58:         for(i=0;i<=val;i++)
   273   007F0A  0E00               	movlw	0
   274   007F0C  6E04               	movwf	(MSdelay@i+1)^0,c
   275   007F0E  0E00               	movlw	0
   276   007F10  6E03               	movwf	MSdelay@i^0,c
   277   007F12  EF9E  F03F         	goto	l750
   278   007F16                     l738:
   279                           
   280                           ;USB_KB_Main.c: 59:             for(j=0;j<165;j++);
   281   007F16  0E00               	movlw	0
   282   007F18  6E06               	movwf	(MSdelay@j+1)^0,c
   283   007F1A  0E00               	movlw	0
   284   007F1C  6E05               	movwf	MSdelay@j^0,c
   285   007F1E                     l744:
   286   007F1E  4A05               	infsnz	MSdelay@j^0,f,c
   287   007F20  2A06               	incf	(MSdelay@j+1)^0,f,c
   288   007F22  5006               	movf	(MSdelay@j+1)^0,w,c
   289   007F24  E109               	bnz	u70
   290   007F26  0EA5               	movlw	165
   291   007F28  5C05               	subwf	MSdelay@j^0,w,c
   292   007F2A  A0D8               	btfss	status,0,c
   293   007F2C  EF9A  F03F         	goto	u71
   294   007F30  EF9C  F03F         	goto	u70
   295   007F34                     u71:
   296   007F34  EF8F  F03F         	goto	l744
   297   007F38                     u70:
   298   007F38  4A03               	infsnz	MSdelay@i^0,f,c
   299   007F3A  2A04               	incf	(MSdelay@i+1)^0,f,c
   300   007F3C                     l750:
   301   007F3C  5003               	movf	MSdelay@i^0,w,c
   302   007F3E  5C01               	subwf	MSdelay@val^0,w,c
   303   007F40  5004               	movf	(MSdelay@i+1)^0,w,c
   304   007F42  5802               	subwfb	(MSdelay@val+1)^0,w,c
   305   007F44  B0D8               	btfsc	status,0,c
   306   007F46  EFA7  F03F         	goto	u81
   307   007F4A  EFA9  F03F         	goto	u80
   308   007F4E                     u81:
   309   007F4E  EF8B  F03F         	goto	l738
   310   007F52                     u80:
   311   007F52  0012               	return		;funcret
   312   007F54                     __end_of_MSdelay:
   313                           	callstack 0
   314   000000                     
   315                           	psect	rparam
   316   000000                     
   317                           	psect	idloc
   318                           
   319                           ;Config register IDLOC0 @ 0x200000
   320                           ;	unspecified, using default values
   321   200000                     	org	2097152
   322   200000  FF                 	db	255
   323                           
   324                           ;Config register IDLOC1 @ 0x200001
   325                           ;	unspecified, using default values
   326   200001                     	org	2097153
   327   200001  FF                 	db	255
   328                           
   329                           ;Config register IDLOC2 @ 0x200002
   330                           ;	unspecified, using default values
   331   200002                     	org	2097154
   332   200002  FF                 	db	255
   333                           
   334                           ;Config register IDLOC3 @ 0x200003
   335                           ;	unspecified, using default values
   336   200003                     	org	2097155
   337   200003  FF                 	db	255
   338                           
   339                           ;Config register IDLOC4 @ 0x200004
   340                           ;	unspecified, using default values
   341   200004                     	org	2097156
   342   200004  FF                 	db	255
   343                           
   344                           ;Config register IDLOC5 @ 0x200005
   345                           ;	unspecified, using default values
   346   200005                     	org	2097157
   347   200005  FF                 	db	255
   348                           
   349                           ;Config register IDLOC6 @ 0x200006
   350                           ;	unspecified, using default values
   351   200006                     	org	2097158
   352   200006  FF                 	db	255
   353                           
   354                           ;Config register IDLOC7 @ 0x200007
   355                           ;	unspecified, using default values
   356   200007                     	org	2097159
   357   200007  FF                 	db	255
   358                           
   359                           	psect	config
   360                           
   361                           ;Config register CONFIG1L @ 0x300000
   362                           ;	unspecified, using default values
   363                           ;	PLL Prescaler Selection bits
   364                           ;	PLLDIV = 0x0, unprogrammed default
   365                           ;	System Clock Postscaler Selection bits
   366                           ;	CPUDIV = 0x0, unprogrammed default
   367                           ;	USB Clock Selection bit (used in Full-Speed USB mode only; UCFG:FSEN = 1)
   368                           ;	USBDIV = 0x0, unprogrammed default
   369   300000                     	org	3145728
   370   300000  00                 	db	0
   371                           
   372                           ;Config register CONFIG1H @ 0x300001
   373                           ;	Oscillator Selection bits
   374                           ;	FOSC = INTOSC_EC, Internal oscillator, CLKO function on RA6, EC used by USB (INTCKO)
   375                           ;	Fail-Safe Clock Monitor Enable bit
   376                           ;	FCMEN = OFF, Fail-Safe Clock Monitor disabled
   377                           ;	Internal/External Oscillator Switchover bit
   378                           ;	IESO = OFF, Oscillator Switchover mode disabled
   379   300001                     	org	3145729
   380   300001  09                 	db	9
   381                           
   382                           ;Config register CONFIG2L @ 0x300002
   383                           ;	Power-up Timer Enable bit
   384                           ;	PWRT = OFF, PWRT disabled
   385                           ;	Brown-out Reset Enable bits
   386                           ;	BOR = ON, Brown-out Reset enabled in hardware only (SBOREN is disabled)
   387                           ;	Brown-out Reset Voltage bits
   388                           ;	BORV = 3, Minimum setting 2.05V
   389                           ;	USB Voltage Regulator Enable bit
   390                           ;	VREGEN = OFF, USB voltage regulator disabled
   391   300002                     	org	3145730
   392   300002  1F                 	db	31
   393                           
   394                           ;Config register CONFIG2H @ 0x300003
   395                           ;	Watchdog Timer Enable bit
   396                           ;	WDT = OFF, WDT disabled (control is placed on the SWDTEN bit)
   397                           ;	Watchdog Timer Postscale Select bits
   398                           ;	WDTPS = 32768, 1:32768
   399   300003                     	org	3145731
   400   300003  1E                 	db	30
   401                           
   402                           ; Padding undefined space
   403   300004                     	org	3145732
   404   300004  FF                 	db	255
   405                           
   406                           ;Config register CONFIG3H @ 0x300005
   407                           ;	CCP2 MUX bit
   408                           ;	CCP2MX = ON, CCP2 input/output is multiplexed with RC1
   409                           ;	PORTB A/D Enable bit
   410                           ;	PBADEN = ON, PORTB<4:0> pins are configured as analog input channels on Reset
   411                           ;	Low-Power Timer 1 Oscillator Enable bit
   412                           ;	LPT1OSC = OFF, Timer1 configured for higher power operation
   413                           ;	MCLR Pin Enable bit
   414                           ;	MCLRE = OFF, RE3 input pin enabled; MCLR pin disabled
   415   300005                     	org	3145733
   416   300005  03                 	db	3
   417                           
   418                           ;Config register CONFIG4L @ 0x300006
   419                           ;	Stack Full/Underflow Reset Enable bit
   420                           ;	STVREN = ON, Stack full/underflow will cause Reset
   421                           ;	Single-Supply ICSP Enable bit
   422                           ;	LVP = OFF, Single-Supply ICSP disabled
   423                           ;	Dedicated In-Circuit Debug/Programming Port (ICPORT) Enable bit
   424                           ;	ICPRT = OFF, ICPORT disabled
   425                           ;	Extended Instruction Set Enable bit
   426                           ;	XINST = OFF, Instruction set extension and Indexed Addressing mode disabled (Legacy mo
      +                          de)
   427                           ;	Background Debugger Enable bit
   428                           ;	DEBUG = 0x1, unprogrammed default
   429   300006                     	org	3145734
   430   300006  81                 	db	129
   431                           
   432                           ; Padding undefined space
   433   300007                     	org	3145735
   434   300007  FF                 	db	255
   435                           
   436                           ;Config register CONFIG5L @ 0x300008
   437                           ;	Code Protection bit
   438                           ;	CP0 = OFF, Block 0 (000800-001FFFh) is not code-protected
   439                           ;	Code Protection bit
   440                           ;	CP1 = OFF, Block 1 (002000-003FFFh) is not code-protected
   441                           ;	Code Protection bit
   442                           ;	CP2 = OFF, Block 2 (004000-005FFFh) is not code-protected
   443                           ;	Code Protection bit
   444                           ;	CP3 = OFF, Block 3 (006000-007FFFh) is not code-protected
   445   300008                     	org	3145736
   446   300008  0F                 	db	15
   447                           
   448                           ;Config register CONFIG5H @ 0x300009
   449                           ;	Boot Block Code Protection bit
   450                           ;	CPB = OFF, Boot block (000000-0007FFh) is not code-protected
   451                           ;	Data EEPROM Code Protection bit
   452                           ;	CPD = OFF, Data EEPROM is not code-protected
   453   300009                     	org	3145737
   454   300009  C0                 	db	192
   455                           
   456                           ;Config register CONFIG6L @ 0x30000A
   457                           ;	Write Protection bit
   458                           ;	WRT0 = OFF, Block 0 (000800-001FFFh) is not write-protected
   459                           ;	Write Protection bit
   460                           ;	WRT1 = OFF, Block 1 (002000-003FFFh) is not write-protected
   461                           ;	Write Protection bit
   462                           ;	WRT2 = OFF, Block 2 (004000-005FFFh) is not write-protected
   463                           ;	Write Protection bit
   464                           ;	WRT3 = OFF, Block 3 (006000-007FFFh) is not write-protected
   465   30000A                     	org	3145738
   466   30000A  0F                 	db	15
   467                           
   468                           ;Config register CONFIG6H @ 0x30000B
   469                           ;	Configuration Register Write Protection bit
   470                           ;	WRTC = OFF, Configuration registers (300000-3000FFh) are not write-protected
   471                           ;	Boot Block Write Protection bit
   472                           ;	WRTB = OFF, Boot block (000000-0007FFh) is not write-protected
   473                           ;	Data EEPROM Write Protection bit
   474                           ;	WRTD = OFF, Data EEPROM is not write-protected
   475   30000B                     	org	3145739
   476   30000B  E0                 	db	224
   477                           
   478                           ;Config register CONFIG7L @ 0x30000C
   479                           ;	Table Read Protection bit
   480                           ;	EBTR0 = OFF, Block 0 (000800-001FFFh) is not protected from table reads executed in ot
      +                          her blocks
   481                           ;	Table Read Protection bit
   482                           ;	EBTR1 = OFF, Block 1 (002000-003FFFh) is not protected from table reads executed in ot
      +                          her blocks
   483                           ;	Table Read Protection bit
   484                           ;	EBTR2 = OFF, Block 2 (004000-005FFFh) is not protected from table reads executed in ot
      +                          her blocks
   485                           ;	Table Read Protection bit
   486                           ;	EBTR3 = OFF, Block 3 (006000-007FFFh) is not protected from table reads executed in ot
      +                          her blocks
   487   30000C                     	org	3145740
   488   30000C  0F                 	db	15
   489                           
   490                           ;Config register CONFIG7H @ 0x30000D
   491                           ;	Boot Block Table Read Protection bit
   492                           ;	EBTRB = OFF, Boot block (000000-0007FFh) is not protected from table reads executed in
      +                           other blocks
   493   30000D                     	org	3145741
   494   30000D  40                 	db	64
   495                           tosu	equ	0xFFF
   496                           tosh	equ	0xFFE
   497                           tosl	equ	0xFFD
   498                           stkptr	equ	0xFFC
   499                           pclatu	equ	0xFFB
   500                           pclath	equ	0xFFA
   501                           pcl	equ	0xFF9
   502                           tblptru	equ	0xFF8
   503                           tblptrh	equ	0xFF7
   504                           tblptrl	equ	0xFF6
   505                           tablat	equ	0xFF5
   506                           prodh	equ	0xFF4
   507                           prodl	equ	0xFF3
   508                           indf0	equ	0xFEF
   509                           postinc0	equ	0xFEE
   510                           postdec0	equ	0xFED
   511                           preinc0	equ	0xFEC
   512                           plusw0	equ	0xFEB
   513                           fsr0h	equ	0xFEA
   514                           fsr0l	equ	0xFE9
   515                           wreg	equ	0xFE8
   516                           indf1	equ	0xFE7
   517                           postinc1	equ	0xFE6
   518                           postdec1	equ	0xFE5
   519                           preinc1	equ	0xFE4
   520                           plusw1	equ	0xFE3
   521                           fsr1h	equ	0xFE2
   522                           fsr1l	equ	0xFE1
   523                           bsr	equ	0xFE0
   524                           indf2	equ	0xFDF
   525                           postinc2	equ	0xFDE
   526                           postdec2	equ	0xFDD
   527                           preinc2	equ	0xFDC
   528                           plusw2	equ	0xFDB
   529                           fsr2h	equ	0xFDA
   530                           fsr2l	equ	0xFD9
   531                           status	equ	0xFD8

Data Sizes:
    Strings     0
    Constant    0
    Data        0
    BSS         0
    Persistent  0
    Stack       0

Auto Spaces:
    Space          Size  Autos    Used
    COMRAM           95      7       7
    BANK0           160      0       0
    BANK1           256      0       0
    BANK2           256      0       0
    BANK3           256      0       0
    BANK4           256      0       0
    BANK5           256      0       0
    BANK6           256      0       0
    BANK7           256      0       0

Pointer List with Targets:

    None.

Critical Paths under _main in COMRAM

    _main->_MSdelay

Critical Paths under _main in BANK0

    None.

Critical Paths under _main in BANK1

    None.

Critical Paths under _main in BANK2

    None.

Critical Paths under _main in BANK3

    None.

Critical Paths under _main in BANK4

    None.

Critical Paths under _main in BANK5

    None.

Critical Paths under _main in BANK6

    None.

Critical Paths under _main in BANK7

    None.

Call Graph Tables:

 ---------------------------------------------------------------------------------
 (Depth) Function   	        Calls       Base Space   Used Autos Params    Refs
 ---------------------------------------------------------------------------------
 (0) _main                                                 3     3      0     168
                                              6 COMRAM     1     1      0
                            _MSdelay
 ---------------------------------------------------------------------------------
 (1) _MSdelay                                              6     4      2     168
                                              0 COMRAM     6     4      2
 ---------------------------------------------------------------------------------
 Estimated maximum stack depth 1
 ---------------------------------------------------------------------------------

 Call Graph Graphs:

 _main (ROOT)
   _MSdelay

 Address spaces:
Name               Size   Autos  Total    Cost      Usage
BITCOMRAM           5F      0       0       0        0.0%
EEDATA             100      0       0       0        0.0%
NULL                 0      0       0       0        0.0%
CODE                 0      0       0       0        0.0%
COMRAM              5F      7       7       1        7.4%
STACK                0      0       0       2        0.0%
DATA                 0      0       0       3        0.0%
BITBANK0            A0      0       0       4        0.0%
BANK0               A0      0       0       5        0.0%
BITBANK1           100      0       0       6        0.0%
BANK1              100      0       0       7        0.0%
BITBANK2           100      0       0       8        0.0%
BANK2              100      0       0       9        0.0%
BITBANK3           100      0       0      10        0.0%
BANK3              100      0       0      11        0.0%
BITBANK4           100      0       0      12        0.0%
BANK4              100      0       0      13        0.0%
BITBANK5           100      0       0      14        0.0%
BANK5              100      0       0      15        0.0%
BITBANK6           100      0       0      16        0.0%
BANK6              100      0       0      17        0.0%
BITBANK7           100      0       0      18        0.0%
BANK7              100      0       0      19        0.0%
BITBIGSFRh          2C      0       0      20        0.0%
BITBIGSFRlh         3D      0       0      21        0.0%
BITBIGSFRllh         8      0       0      22        0.0%
BITBIGSFRlll        2C      0       0      23        0.0%
ABS                  0      0       0      24        0.0%
BIGRAM             7FF      0       0      25        0.0%
BIGSFR               0      0       0     200        0.0%
BITSFR               0      0       0     200        0.0%
SFR                  0      0       0     200        0.0%


Microchip Technology PIC18 Macro Assembler V2.40 build 20220703182018 
Symbol Table                                                                                   Tue Dec 27 22:59:17 2022

                     l24 7F52                       u70 7F38                       u71 7F34  
                     u80 7F52                       u81 7F4E                       u90 7F70  
                     u91 7F6A                       u96 7F72                      l750 7F3C  
                    l744 7F1E                      l736 7F0A                      l760 7F5E  
                    l752 7F54                      l746 7F22                      l738 7F16  
                    l770 7FEC                      l762 7F60                      l754 7F58  
                    l748 7F38                      l764 7F80                      l756 7F5A  
                    l766 7FA2                      l758 7F5C                      l768 7FC6  
                    u100 7F90                      u101 7F8A                      u110 7FB2  
                    u111 7FAC                      u120 7FD6                      u121 7FD0  
                    u106 7F92                      u116 7FB4                      u126 7FD8  
                   _main 7F54                     start 0000          __end_of_MSdelay 7F54  
           ___param_bank 000000                    ?_main 0001                    status 000FD8  
        __initialization 7F04             __end_of_main 8000                   ??_main 0007  
          __activetblptr 000000                ??_MSdelay 0003                   _OSCCON 000FD3  
                 isa$std 000001               __accesstop 0060  __end_of__initialization 7F04  
          ___rparam_used 000001           __pcstackCOMRAM 0001                  _MSdelay 7F0A  
                __Hparam 0000                  __Lparam 0000                  __pcinit 7F04  
                __ramtop 0800                  __ptext0 7F54                  __ptext1 7F0A  
   end_of_initialization 7F04                _TRISDbits 000F95      start_initialization 7F04  
               ?_MSdelay 0001                 MSdelay@i 0003                 MSdelay@j 0005  
               _LATDbits 000F8C                 __Hrparam 0000                 __Lrparam 0000  
             MSdelay@val 0001                 isa$xinst 000000  
